<?xml version="1.0" encoding="UTF-8"?>
<testsuites name="Regression Test" time="12.214" tests="4" failures="0" errors="0">
   <testsuite name="Regression Test" tests="4" failures="0" errors="0" time="12.214" skipped="0" timestamp="2023-01-13 15:41:15" hostname="wilqi - DESKTOP-H86KOB6" id="Test Suites/Regression Test">
      <properties>
         <property name="deviceName" value=""/>
         <property name="devicePlatform" value=""/>
         <property name="logFolder" value="C:\\Users\\wilqi\\git\\New folder\\Pengujian-REST-API-Menggunakan-Katalon\\Reports\\20230113_154110\\Regression Test\\20230113_154110"/>
         <property name="logFiles" value="C:\\Users\\wilqi\\git\\New folder\\Pengujian-REST-API-Menggunakan-Katalon\\Reports\\20230113_154110\\Regression Test\\20230113_154110\\execution0.log"/>
         <property name="attachments" value=""/>
         <property name="hostName" value="wilqi - DESKTOP-H86KOB6"/>
         <property name="hostAddress" value="192.168.1.7"/>
         <property name="os" value="Windows 10 64bit"/>
         <property name="katalonVersion" value="8.5.5.208"/>
      </properties>
      <testcase name="Test Cases/TC01-Validation Response And Verify JSON Value" time="5.711" classname="Test Cases/TC01-Validation Response And Verify JSON Value" status="PASSED">
         <system-out><![CDATA[2023-01-13 15:41:16 - [TEST_CASE][PASSED] - Test Cases/TC01-Validation Response And Verify JSON Value: Test Cases/TC01-Validation Response And Verify JSON Value

2023-01-13 15:41:17 - [TEST_STEP][PASSED] - sendRequest(findTestObject("GET/Get List User")): Send request successfully

2023-01-13 15:41:20 - [MESSAGE][INFO] - HAR: C:\Users\wilqi\git\New folder\Pengujian-REST-API-Menggunakan-Katalon\Reports\20230113_154110\Regression Test\20230113_154110\requests\main\0.har

2023-01-13 15:41:20 - [MESSAGE][PASSED] - Send request successfully

2023-01-13 15:41:20 - [TEST_STEP][PASSED] - response = sendRequestAndVerify(findTestObject("GET/Get List User")): Send request and verify the response successfully

2023-01-13 15:41:20 - [MESSAGE][INFO] - HAR: C:\Users\wilqi\git\New folder\Pengujian-REST-API-Menggunakan-Katalon\Reports\20230113_154110\Regression Test\20230113_154110\requests\main\1.har

2023-01-13 15:41:20 - [TEST_CASE][PASSED] - Start Test Case : Verification: Verification accomplished successfully

2023-01-13 15:41:21 - [TEST_STEP][PASSED] - request = getInstance().getCurrentRequest(): null

2023-01-13 15:41:21 - [TEST_STEP][PASSED] - response = getInstance().getCurrentResponse(): null

2023-01-13 15:41:21 - [TEST_STEP][PASSED] - verifyResponseStatusCode(response, 200): Verify response status code successfully

2023-01-13 15:41:21 - [MESSAGE][PASSED] - Verify response status code successfully

2023-01-13 15:41:21 - [TEST_STEP][PASSED] - getStatusCode()).isEqualTo(200): null

2023-01-13 15:41:21 - [TEST_STEP][PASSED] - getStatusCode()).isIn(Arrays.asList(200, 201, 202)): null

2023-01-13 15:41:21 - [TEST_STEP][PASSED] - verifyElementPropertyValue(response, "data[4].first_name", "Charles"): Verify element property value successfully

2023-01-13 15:41:21 - [MESSAGE][PASSED] - Verify element property value successfully

2023-01-13 15:41:21 - [MESSAGE][PASSED] - Verify response successfully

2023-01-13 15:41:22 - [MESSAGE][PASSED] - All validation steps have been passed

2023-01-13 15:41:22 - [MESSAGE][PASSED] - Send request and verify the response successfully

2023-01-13 15:41:22 - [TEST_STEP][PASSED] - verifyResponseStatusCode(response, 200): Verify response status code successfully

2023-01-13 15:41:22 - [MESSAGE][PASSED] - Verify response status code successfully

2023-01-13 15:41:22 - [TEST_STEP][PASSED] - verifyElementsCount(response, "data.first_name", 6): Verify element count successfully

2023-01-13 15:41:22 - [MESSAGE][PASSED] - Verify element count successfully

2023-01-13 15:41:22 - [TEST_STEP][PASSED] - verifyElementPropertyValue(response, "data[4].first_name", "Charles"): Verify element property value successfully

2023-01-13 15:41:22 - [MESSAGE][PASSED] - Verify element property value successfully]]></system-out>
         <system-err><![CDATA[]]></system-err>
      </testcase>
      <testcase name="Test Cases/TC02-Validation Response" time="1.121" classname="Test Cases/TC02-Validation Response" status="PASSED">
         <system-out><![CDATA[2023-01-13 15:41:22 - [TEST_CASE][PASSED] - Test Cases/TC02-Validation Response: Test Cases/TC02-Validation Response

2023-01-13 15:41:22 - [TEST_STEP][PASSED] - sendRequest(findTestObject("GET/Get Single User")): Send request successfully

2023-01-13 15:41:22 - [MESSAGE][INFO] - HAR: C:\Users\wilqi\git\New folder\Pengujian-REST-API-Menggunakan-Katalon\Reports\20230113_154110\Regression Test\20230113_154110\requests\main\2.har

2023-01-13 15:41:22 - [MESSAGE][PASSED] - Send request successfully

2023-01-13 15:41:22 - [TEST_STEP][PASSED] - response = sendRequestAndVerify(findTestObject("GET/Get Single User")): Send request and verify the response successfully

2023-01-13 15:41:23 - [MESSAGE][INFO] - HAR: C:\Users\wilqi\git\New folder\Pengujian-REST-API-Menggunakan-Katalon\Reports\20230113_154110\Regression Test\20230113_154110\requests\main\3.har

2023-01-13 15:41:23 - [TEST_CASE][PASSED] - Start Test Case : Verification: Verification accomplished successfully

2023-01-13 15:41:23 - [TEST_STEP][PASSED] - request = getInstance().getCurrentRequest(): null

2023-01-13 15:41:23 - [TEST_STEP][PASSED] - response = getInstance().getCurrentResponse(): null

2023-01-13 15:41:23 - [TEST_STEP][PASSED] - verifyResponseStatusCode(response, 200): Verify response status code successfully

2023-01-13 15:41:23 - [MESSAGE][PASSED] - Verify response status code successfully

2023-01-13 15:41:23 - [TEST_STEP][PASSED] - getStatusCode()).isEqualTo(200): null

2023-01-13 15:41:23 - [TEST_STEP][PASSED] - getStatusCode()).isIn(Arrays.asList(200, 201, 202)): null

2023-01-13 15:41:23 - [MESSAGE][PASSED] - Verify response successfully

2023-01-13 15:41:23 - [MESSAGE][PASSED] - All validation steps have been passed

2023-01-13 15:41:23 - [MESSAGE][PASSED] - Send request and verify the response successfully

2023-01-13 15:41:23 - [TEST_STEP][PASSED] - verifyResponseStatusCode(response, 200): Verify response status code successfully

2023-01-13 15:41:23 - [MESSAGE][PASSED] - Verify response status code successfully]]></system-out>
         <system-err><![CDATA[]]></system-err>
      </testcase>
      <testcase name="Test Cases/TC03-Validation Response Update User" time="2.34" classname="Test Cases/TC03-Validation Response Update User" status="PASSED">
         <system-out><![CDATA[2023-01-13 15:41:23 - [TEST_CASE][PASSED] - Test Cases/TC03-Validation Response Update User: Test Cases/TC03-Validation Response Update User

2023-01-13 15:41:23 - [TEST_STEP][PASSED] - sendRequest(findTestObject("PUT/PUT Update")): Send request successfully

2023-01-13 15:41:24 - [MESSAGE][INFO] - HAR: C:\Users\wilqi\git\New folder\Pengujian-REST-API-Menggunakan-Katalon\Reports\20230113_154110\Regression Test\20230113_154110\requests\main\4.har

2023-01-13 15:41:24 - [MESSAGE][PASSED] - Send request successfully

2023-01-13 15:41:24 - [TEST_STEP][PASSED] - response = sendRequestAndVerify(findTestObject("PUT/PUT Update")): Send request and verify the response successfully

2023-01-13 15:41:25 - [MESSAGE][INFO] - HAR: C:\Users\wilqi\git\New folder\Pengujian-REST-API-Menggunakan-Katalon\Reports\20230113_154110\Regression Test\20230113_154110\requests\main\5.har

2023-01-13 15:41:25 - [TEST_CASE][PASSED] - Start Test Case : Verification: Verification accomplished successfully

2023-01-13 15:41:25 - [TEST_STEP][PASSED] - request = getInstance().getCurrentRequest(): null

2023-01-13 15:41:25 - [TEST_STEP][PASSED] - response = getInstance().getCurrentResponse(): null

2023-01-13 15:41:25 - [TEST_STEP][PASSED] - verifyResponseStatusCode(response, 200): Verify response status code successfully

2023-01-13 15:41:25 - [MESSAGE][PASSED] - Verify response status code successfully

2023-01-13 15:41:25 - [TEST_STEP][PASSED] - getStatusCode()).isEqualTo(200): null

2023-01-13 15:41:25 - [TEST_STEP][PASSED] - getStatusCode()).isIn(Arrays.asList(200, 201, 202)): null

2023-01-13 15:41:25 - [MESSAGE][PASSED] - Verify response successfully

2023-01-13 15:41:25 - [MESSAGE][PASSED] - All validation steps have been passed

2023-01-13 15:41:25 - [MESSAGE][PASSED] - Send request and verify the response successfully

2023-01-13 15:41:25 - [TEST_STEP][PASSED] - verifyResponseStatusCode(response, 200): Verify response status code successfully

2023-01-13 15:41:25 - [MESSAGE][PASSED] - Verify response status code successfully]]></system-out>
         <system-err><![CDATA[]]></system-err>
      </testcase>
      <testcase name="Test Cases/TC04-Validation Response Create User" time="2.379" classname="Test Cases/TC04-Validation Response Create User" status="PASSED">
         <system-out><![CDATA[2023-01-13 15:41:25 - [TEST_CASE][PASSED] - Test Cases/TC04-Validation Response Create User: Test Cases/TC04-Validation Response Create User

2023-01-13 15:41:26 - [TEST_STEP][PASSED] - sendRequest(findTestObject("POST/POST Ceate User")): Send request successfully

2023-01-13 15:41:27 - [MESSAGE][INFO] - HAR: C:\Users\wilqi\git\New folder\Pengujian-REST-API-Menggunakan-Katalon\Reports\20230113_154110\Regression Test\20230113_154110\requests\main\6.har

2023-01-13 15:41:27 - [MESSAGE][PASSED] - Send request successfully

2023-01-13 15:41:27 - [TEST_STEP][PASSED] - response = sendRequestAndVerify(findTestObject("POST/POST Ceate User")): Send request and verify the response successfully

2023-01-13 15:41:27 - [MESSAGE][INFO] - HAR: C:\Users\wilqi\git\New folder\Pengujian-REST-API-Menggunakan-Katalon\Reports\20230113_154110\Regression Test\20230113_154110\requests\main\7.har

2023-01-13 15:41:27 - [TEST_CASE][PASSED] - Start Test Case : Verification: Verification accomplished successfully

2023-01-13 15:41:27 - [TEST_STEP][PASSED] - request = getInstance().getCurrentRequest(): null

2023-01-13 15:41:27 - [TEST_STEP][PASSED] - response = getInstance().getCurrentResponse(): null

2023-01-13 15:41:27 - [TEST_STEP][PASSED] - verifyResponseStatusCode(response, 201): Verify response status code successfully

2023-01-13 15:41:27 - [MESSAGE][PASSED] - Verify response status code successfully

2023-01-13 15:41:27 - [TEST_STEP][PASSED] - getStatusCode()).isEqualTo(201): null

2023-01-13 15:41:28 - [TEST_STEP][PASSED] - getStatusCode()).isIn(Arrays.asList(200, 201, 202)): null

2023-01-13 15:41:28 - [MESSAGE][PASSED] - Verify response successfully

2023-01-13 15:41:28 - [MESSAGE][PASSED] - All validation steps have been passed

2023-01-13 15:41:28 - [MESSAGE][PASSED] - Send request and verify the response successfully

2023-01-13 15:41:28 - [TEST_STEP][PASSED] - verifyResponseStatusCode(response, 201): Verify response status code successfully

2023-01-13 15:41:28 - [MESSAGE][PASSED] - Verify response status code successfully]]></system-out>
         <system-err><![CDATA[]]></system-err>
      </testcase>
      <system-out><![CDATA[2023-01-13 15:41:15 - [TEST_SUITE][PASSED] - Regression Test: Test Cases/TC04-Validation Response Create User]]></system-out>
      <system-err><![CDATA[]]></system-err>
   </testsuite>
</testsuites>
